target_milestone = ---
qa_contact = alacarte-maint@gnome.bugs
classification = Desktop
gnome_target = Unspecified
cclist_accessible = 1
op_sys = All
component = general
reporter_accessible = 1
delta_ts = 2007-03-05 21:26:29 UTC
classification_id = 2
priority = High
bug_id = 415084
creation_ts = 2007-03-05 21:26 UTC
short_desc = crash in Main Menu Editor: Dragging a launcher from...
version = 0.10.x
gnome_version = 2.15/2.16
product = alacarte
initialowner_id = 114426
bug_severity = critical
rep_platform = All
assigned_to = alacarte-maint@gnome.bugs
reporter = smclean@gmail.com
